[14:56:35] [main/INFO]: Setting user: nahueMC
[14:56:36] [Client thread/INFO]: LWJGL Version: 2.9.1
[14:56:52] [Client thread/INFO]: Reloading ResourceManager: Default, FMLFileResourcePack:Forge Mod Loader, FMLFileResourcePack:Minecraft Forge, FMLFileResourcePack:Not Enough Items, FMLFileResourcePack:OpenEye, FMLFileResourcePack:Lucky Block, FMLFileResourcePack:ArmorStatusHUD, FMLFileResourcePack:Treecapitator, FMLFileResourcePack:IC2 Advanced Machines Addon, FMLFileResourcePack:Another One Bites The Dust, FMLFileResourcePack:Applied Energistics 2, FMLFileResourcePack:asielib, FMLFileResourcePack:Grinder, FMLFileResourcePack:Backpack, FMLFileResourcePack:BD Lib, FMLFileResourcePack:BiblioCraft, FMLFileResourcePack:BiblioWoods Biomes O'Plenty Edition, FMLFileResourcePack:BiblioWoods Natura Edition, FMLFileResourcePack:Blood Magic: Alchemical Wizardry, FMLFileResourcePack:BC Builders, FMLFileResourcePack:BC Transport, FMLFileResourcePack:BC Energy, FMLFileResourcePack:BC Silicon, FMLFileResourcePack:BC Robotics, FMLFileResourcePack:BuildCraft, FMLFileResourcePack:BC Factory, FMLFileResourcePack:BuildCraft Compat, FMLFileResourcePack:ChickenChunks, FMLFileResourcePack:CoFH Core, FMLFileResourcePack:Compact Solar Arrays, FMLFileResourcePack:DrZhark's CustomSpawner, FMLFileResourcePack:DrZhark's Mo'Creatures Mod, FMLFileResourcePack:EnderCore, FMLFileResourcePack:Ender IO, FMLFileResourcePack:EnderStorage, FMLFileResourcePack:Extra Cells 2, FMLFileResourcePack:Extra Utilities, FMLFileResourcePack:FastCraft, FMLFileResourcePack:Forbidden Magic, FMLFileResourcePack:Fossils and Archeology Revival, FMLFileResourcePack:Galacticraft Planets, FMLFileResourcePack:Galacticraft Core, FMLFileResourcePack:Hardcore Ender Expansion, FMLFileResourcePack:Hats, FMLFileResourcePack:HatStand, FMLFileResourcePack:iChunUtil, FMLFileResourcePack:IndustrialCraft 2, FMLFileResourcePack:INpureCore, FMLFileResourcePack:Inventory Tweaks, FMLFileResourcePack:Iron Chest, FMLFileResourcePack:JABBA, FMLFileResourcePack:Logistics Pipes, FMLFileResourcePack:Mantle, FMLFileResourcePack:Minecraft Comes Alive, FMLFileResourcePack:MineFactory Reloaded, FMLFileResourcePack:MFR Compat: Applied Energistics, FMLFileResourcePack:MFR Compat: Atum, FMLFileResourcePack:MFR Compat: BackTools, FMLFileResourcePack:MFR Compat: BuildCraft, FMLFileResourcePack:MFR Compat: Chococraft, FMLFileResourcePack:MFR Compat: ExtraBiomes, FMLFileResourcePack:MFR Compat: Forestry, FMLFileResourcePack:MFR Compat: ForgeMicroblock, FMLFileResourcePack:MFR Compat: IC2, FMLFileResourcePack:MFR Compat: Mystcraft, FMLFileResourcePack:MFR Compat ProjectRed, FMLFileResourcePack:MFR Compat: Railcraft, FMLFileResourcePack:MFR Compat: Sufficient Biomes, FMLFileResourcePack:MFR Compat: Thaumcraft, FMLFileResourcePack:MFR Compat: Thermal Expansion, FMLFileResourcePack:MFR Compat: Tinkers' Construct, FMLFileResourcePack:MFR Compat: TwilightForest, FMLFileResourcePack:MFR Compat: Vanilla, FMLFileResourcePack:MFR Compat: MagicalCrops, FMLFileResourcePack:§9MrCrayfish's Furniture Mod, FMLFileResourcePack:Natura, FMLFileResourcePack:Necromancy, FMLFileResourcePack:NEI Addons, FMLFileResourcePack:NEI Addons: Developer Tools, FMLFileResourcePack:NEI Addons: Applied Energistics 2, FMLFileResourcePack:NEI Addons: Botany, FMLFileResourcePack:NEI Addons: Forestry, FMLFileResourcePack:NEI Addons: Crafting Tables, FMLFileResourcePack:NEI Addons: Ex Nihilo, FMLFileResourcePack:NEI Integration, FMLFileResourcePack:Nether Ores, FMLFileResourcePack:NoMoreRecipeConflict, FMLFileResourcePack:Not Enough Resources, FMLFileResourcePack:OpenBlocks, FMLFileResourcePack:OpenMods, FMLFileResourcePack:PiP, FMLFileResourcePack:ProjectRed Core, FMLFileResourcePack:ProjectRed Compatibility, FMLFileResourcePack:ProjectRed Fabrication, FMLFileResourcePack:ProjectRed Integration, FMLFileResourcePack:ProjectRed Transmission, FMLFileResourcePack:ProjectRed Illumination, FMLFileResourcePack:ProjectRed Expansion, FMLFileResourcePack:ProjectRed Transportation, FMLFileResourcePack:ProjectRed Exploration, FMLFileResourcePack:RadixCore, FMLFileResourcePack:Railcraft, FMLFileResourcePack:Roguelike Dungeons, FMLFileResourcePack:Statues, FMLFileResourcePack:Tinkers' Construct, FMLFileResourcePack:Thaumcraft, FMLFileResourcePack:Thaumcraft NEI Plugin, FMLFileResourcePack:Thaumic Exploration, FMLFileResourcePack:Thaumic Tinkerer, FMLFileResourcePack:Thermal Dynamics, FMLFileResourcePack:Thermal Expansion, FMLFileResourcePack:Thermal Foundation, FMLFileResourcePack:TiC Tooltips, FMLFileResourcePack:Tinkers' Mechworks, FMLFileResourcePack:The Twilight Forest, FMLFileResourcePack:Waila, FMLFileResourcePack:Waila Harvestability, FMLFileResourcePack:WAILA Plugins, FMLFileResourcePack:Warp Book, FMLFileResourcePack:bspkrsCore, FMLFileResourcePack:Baubles, FMLFileResourcePack:Forge Microblocks, FMLFileResourcePack:Forge Multipart, FMLFileResourcePack:Minecraft Multipart Plugin, FMLFileResourcePack:MCFrames, FMLFileResourcePack:ForgeRelocation, FMLFileResourcePack:RelocationFMP, FMLFileResourcePack:libsandstone, FMLFileResourcePack:MrTJPCore
[14:56:52] [Client thread/WARN]: ResourcePack: ignored non-lowercase namespace: alchemicalwizardryBooks in C:\Users\Nahuel\AppData\Roaming\.minecraft\mods\BloodMagic-1.7.10-1.3.3-17.jar
[14:56:52] [Client thread/WARN]: ResourcePack: ignored non-lowercase namespace: alchemicalwizardryBooks in C:\Users\Nahuel\AppData\Roaming\.minecraft\mods\BloodMagic-1.7.10-1.3.3-17.jar
[14:56:52] [Client thread/WARN]: ResourcePack: ignored non-lowercase namespace: alchemicalwizardryBooks in C:\Users\Nahuel\AppData\Roaming\.minecraft\mods\BloodMagic-1.7.10-1.3.3-17.jar
[14:56:52] [Client thread/WARN]: ResourcePack: ignored non-lowercase namespace: alchemicalwizardryBooks in C:\Users\Nahuel\AppData\Roaming\.minecraft\mods\BloodMagic-1.7.10-1.3.3-17.jar
[14:56:52] [Client thread/WARN]: ResourcePack: ignored non-lowercase namespace: alchemicalwizardryBooks in C:\Users\Nahuel\AppData\Roaming\.minecraft\mods\BloodMagic-1.7.10-1.3.3-17.jar
[14:56:52] [Client thread/WARN]: ResourcePack: ignored non-lowercase namespace: alchemicalwizardryBooks in C:\Users\Nahuel\AppData\Roaming\.minecraft\mods\BloodMagic-1.7.10-1.3.3-17.jar
[14:57:08] [Sound Library Loader/INFO]: Sound engine started
[14:57:12] [Client thread/INFO]: Created: 16x16 textures/blocks-atlas
[14:57:12] [Client thread/INFO]: Created: 16x16 textures/items-atlas
[14:57:30] [Client thread/INFO]: Reloading ResourceManager: Default, FMLFileResourcePack:Forge Mod Loader, FMLFileResourcePack:Minecraft Forge, FMLFileResourcePack:Not Enough Items, FMLFileResourcePack:OpenEye, FMLFileResourcePack:Lucky Block, FMLFileResourcePack:ArmorStatusHUD, FMLFileResourcePack:Treecapitator, FMLFileResourcePack:IC2 Advanced Machines Addon, FMLFileResourcePack:Another One Bites The Dust, FMLFileResourcePack:Applied Energistics 2, FMLFileResourcePack:asielib, FMLFileResourcePack:Grinder, FMLFileResourcePack:Backpack, FMLFileResourcePack:BD Lib, FMLFileResourcePack:BiblioCraft, FMLFileResourcePack:BiblioWoods Biomes O'Plenty Edition, FMLFileResourcePack:BiblioWoods Natura Edition, FMLFileResourcePack:Blood Magic: Alchemical Wizardry, FMLFileResourcePack:BC Builders, FMLFileResourcePack:BC Transport, FMLFileResourcePack:BC Energy, FMLFileResourcePack:BC Silicon, FMLFileResourcePack:BC Robotics, FMLFileResourcePack:BuildCraft, FMLFileResourcePack:BC Factory, FMLFileResourcePack:BuildCraft Compat, FMLFileResourcePack:ChickenChunks, FMLFileResourcePack:CoFH Core, FMLFileResourcePack:Compact Solar Arrays, FMLFileResourcePack:DrZhark's CustomSpawner, FMLFileResourcePack:DrZhark's Mo'Creatures Mod, FMLFileResourcePack:EnderCore, FMLFileResourcePack:Ender IO, FMLFileResourcePack:EnderStorage, FMLFileResourcePack:Extra Cells 2, FMLFileResourcePack:Extra Utilities, FMLFileResourcePack:FastCraft, FMLFileResourcePack:Forbidden Magic, FMLFileResourcePack:Fossils and Archeology Revival, FMLFileResourcePack:Galacticraft Planets, FMLFileResourcePack:Galacticraft Core, FMLFileResourcePack:Hardcore Ender Expansion, FMLFileResourcePack:Hats, FMLFileResourcePack:HatStand, FMLFileResourcePack:iChunUtil, FMLFileResourcePack:IndustrialCraft 2, FMLFileResourcePack:INpureCore, FMLFileResourcePack:Inventory Tweaks, FMLFileResourcePack:Iron Chest, FMLFileResourcePack:JABBA, FMLFileResourcePack:Logistics Pipes, FMLFileResourcePack:Mantle, FMLFileResourcePack:Minecraft Comes Alive, FMLFileResourcePack:MineFactory Reloaded, FMLFileResourcePack:MFR Compat: Applied Energistics, FMLFileResourcePack:MFR Compat: Atum, FMLFileResourcePack:MFR Compat: BackTools, FMLFileResourcePack:MFR Compat: BuildCraft, FMLFileResourcePack:MFR Compat: Chococraft, FMLFileResourcePack:MFR Compat: ExtraBiomes, FMLFileResourcePack:MFR Compat: Forestry, FMLFileResourcePack:MFR Compat: ForgeMicroblock, FMLFileResourcePack:MFR Compat: IC2, FMLFileResourcePack:MFR Compat: Mystcraft, FMLFileResourcePack:MFR Compat ProjectRed, FMLFileResourcePack:MFR Compat: Railcraft, FMLFileResourcePack:MFR Compat: Sufficient Biomes, FMLFileResourcePack:MFR Compat: Thaumcraft, FMLFileResourcePack:MFR Compat: Thermal Expansion, FMLFileResourcePack:MFR Compat: Tinkers' Construct, FMLFileResourcePack:MFR Compat: TwilightForest, FMLFileResourcePack:MFR Compat: Vanilla, FMLFileResourcePack:MFR Compat: MagicalCrops, FMLFileResourcePack:§9MrCrayfish's Furniture Mod, FMLFileResourcePack:Natura, FMLFileResourcePack:Necromancy, FMLFileResourcePack:NEI Addons, FMLFileResourcePack:NEI Addons: Developer Tools, FMLFileResourcePack:NEI Addons: Applied Energistics 2, FMLFileResourcePack:NEI Addons: Botany, FMLFileResourcePack:NEI Addons: Forestry, FMLFileResourcePack:NEI Addons: Crafting Tables, FMLFileResourcePack:NEI Addons: Ex Nihilo, FMLFileResourcePack:NEI Integration, FMLFileResourcePack:Nether Ores, FMLFileResourcePack:NoMoreRecipeConflict, FMLFileResourcePack:Not Enough Resources, FMLFileResourcePack:OpenBlocks, FMLFileResourcePack:OpenMods, FMLFileResourcePack:PiP, FMLFileResourcePack:ProjectRed Core, FMLFileResourcePack:ProjectRed Compatibility, FMLFileResourcePack:ProjectRed Fabrication, FMLFileResourcePack:ProjectRed Integration, FMLFileResourcePack:ProjectRed Transmission, FMLFileResourcePack:ProjectRed Illumination, FMLFileResourcePack:ProjectRed Expansion, FMLFileResourcePack:ProjectRed Transportation, FMLFileResourcePack:ProjectRed Exploration, FMLFileResourcePack:RadixCore, FMLFileResourcePack:Railcraft, FMLFileResourcePack:Roguelike Dungeons, FMLFileResourcePack:Statues, FMLFileResourcePack:Tinkers' Construct, FMLFileResourcePack:Thaumcraft, FMLFileResourcePack:Thaumcraft NEI Plugin, FMLFileResourcePack:Thaumic Exploration, FMLFileResourcePack:Thaumic Tinkerer, FMLFileResourcePack:Thermal Dynamics, FMLFileResourcePack:Thermal Expansion, FMLFileResourcePack:Thermal Foundation, FMLFileResourcePack:TiC Tooltips, FMLFileResourcePack:Tinkers' Mechworks, FMLFileResourcePack:The Twilight Forest, FMLFileResourcePack:Waila, FMLFileResourcePack:Waila Harvestability, FMLFileResourcePack:WAILA Plugins, FMLFileResourcePack:Warp Book, FMLFileResourcePack:bspkrsCore, FMLFileResourcePack:Baubles, FMLFileResourcePack:Forge Microblocks, FMLFileResourcePack:Forge Multipart, FMLFileResourcePack:Minecraft Multipart Plugin, FMLFileResourcePack:MCFrames, FMLFileResourcePack:ForgeRelocation, FMLFileResourcePack:RelocationFMP, FMLFileResourcePack:libsandstone, FMLFileResourcePack:MrTJPCore, LiteLoader, VoxelMenu, VoxelMap, VoxelLib, VoxelMenu Music, XU_Delegate_Pack, XU_Delegate_Pack, XU_Delegate_Pack
[14:57:30] [Client thread/WARN]: ResourcePack: ignored non-lowercase namespace: alchemicalwizardryBooks in C:\Users\Nahuel\AppData\Roaming\.minecraft\mods\BloodMagic-1.7.10-1.3.3-17.jar
[14:57:30] [Client thread/WARN]: ResourcePack: ignored non-lowercase namespace: alchemicalwizardryBooks in C:\Users\Nahuel\AppData\Roaming\.minecraft\mods\BloodMagic-1.7.10-1.3.3-17.jar
[14:57:30] [Client thread/WARN]: ResourcePack: ignored non-lowercase namespace: alchemicalwizardryBooks in C:\Users\Nahuel\AppData\Roaming\.minecraft\mods\BloodMagic-1.7.10-1.3.3-17.jar
[14:57:30] [Client thread/WARN]: ResourcePack: ignored non-lowercase namespace: alchemicalwizardryBooks in C:\Users\Nahuel\AppData\Roaming\.minecraft\mods\BloodMagic-1.7.10-1.3.3-17.jar
[14:57:30] [Client thread/WARN]: ResourcePack: ignored non-lowercase namespace: alchemicalwizardryBooks in C:\Users\Nahuel\AppData\Roaming\.minecraft\mods\BloodMagic-1.7.10-1.3.3-17.jar
[14:57:30] [Client thread/WARN]: ResourcePack: ignored non-lowercase namespace: alchemicalwizardryBooks in C:\Users\Nahuel\AppData\Roaming\.minecraft\mods\BloodMagic-1.7.10-1.3.3-17.jar
[14:57:33] [Client thread/INFO]: Created: 2048x2048 textures/blocks-atlas
[14:57:35] [Client thread/INFO]: Created: 2048x2048 textures/items-atlas
[14:57:37] [Client thread/INFO]: Reloading ResourceManager: Default, FMLFileResourcePack:Forge Mod Loader, FMLFileResourcePack:Minecraft Forge, FMLFileResourcePack:Not Enough Items, FMLFileResourcePack:OpenEye, FMLFileResourcePack:Lucky Block, FMLFileResourcePack:ArmorStatusHUD, FMLFileResourcePack:Treecapitator, FMLFileResourcePack:IC2 Advanced Machines Addon, FMLFileResourcePack:Another One Bites The Dust, FMLFileResourcePack:Applied Energistics 2, FMLFileResourcePack:asielib, FMLFileResourcePack:Grinder, FMLFileResourcePack:Backpack, FMLFileResourcePack:BD Lib, FMLFileResourcePack:BiblioCraft, FMLFileResourcePack:BiblioWoods Biomes O'Plenty Edition, FMLFileResourcePack:BiblioWoods Natura Edition, FMLFileResourcePack:Blood Magic: Alchemical Wizardry, FMLFileResourcePack:BC Builders, FMLFileResourcePack:BC Transport, FMLFileResourcePack:BC Energy, FMLFileResourcePack:BC Silicon, FMLFileResourcePack:BC Robotics, FMLFileResourcePack:BuildCraft, FMLFileResourcePack:BC Factory, FMLFileResourcePack:BuildCraft Compat, FMLFileResourcePack:ChickenChunks, FMLFileResourcePack:CoFH Core, FMLFileResourcePack:Compact Solar Arrays, FMLFileResourcePack:DrZhark's CustomSpawner, FMLFileResourcePack:DrZhark's Mo'Creatures Mod, FMLFileResourcePack:EnderCore, FMLFileResourcePack:Ender IO, FMLFileResourcePack:EnderStorage, FMLFileResourcePack:Extra Cells 2, FMLFileResourcePack:Extra Utilities, FMLFileResourcePack:FastCraft, FMLFileResourcePack:Forbidden Magic, FMLFileResourcePack:Fossils and Archeology Revival, FMLFileResourcePack:Galacticraft Planets, FMLFileResourcePack:Galacticraft Core, FMLFileResourcePack:Hardcore Ender Expansion, FMLFileResourcePack:Hats, FMLFileResourcePack:HatStand, FMLFileResourcePack:iChunUtil, FMLFileResourcePack:IndustrialCraft 2, FMLFileResourcePack:INpureCore, FMLFileResourcePack:Inventory Tweaks, FMLFileResourcePack:Iron Chest, FMLFileResourcePack:JABBA, FMLFileResourcePack:Logistics Pipes, FMLFileResourcePack:Mantle, FMLFileResourcePack:Minecraft Comes Alive, FMLFileResourcePack:MineFactory Reloaded, FMLFileResourcePack:MFR Compat: Applied Energistics, FMLFileResourcePack:MFR Compat: Atum, FMLFileResourcePack:MFR Compat: BackTools, FMLFileResourcePack:MFR Compat: BuildCraft, FMLFileResourcePack:MFR Compat: Chococraft, FMLFileResourcePack:MFR Compat: ExtraBiomes, FMLFileResourcePack:MFR Compat: Forestry, FMLFileResourcePack:MFR Compat: ForgeMicroblock, FMLFileResourcePack:MFR Compat: IC2, FMLFileResourcePack:MFR Compat: Mystcraft, FMLFileResourcePack:MFR Compat ProjectRed, FMLFileResourcePack:MFR Compat: Railcraft, FMLFileResourcePack:MFR Compat: Sufficient Biomes, FMLFileResourcePack:MFR Compat: Thaumcraft, FMLFileResourcePack:MFR Compat: Thermal Expansion, FMLFileResourcePack:MFR Compat: Tinkers' Construct, FMLFileResourcePack:MFR Compat: TwilightForest, FMLFileResourcePack:MFR Compat: Vanilla, FMLFileResourcePack:MFR Compat: MagicalCrops, FMLFileResourcePack:§9MrCrayfish's Furniture Mod, FMLFileResourcePack:Natura, FMLFileResourcePack:Necromancy, FMLFileResourcePack:NEI Addons, FMLFileResourcePack:NEI Addons: Developer Tools, FMLFileResourcePack:NEI Addons: Applied Energistics 2, FMLFileResourcePack:NEI Addons: Botany, FMLFileResourcePack:NEI Addons: Forestry, FMLFileResourcePack:NEI Addons: Crafting Tables, FMLFileResourcePack:NEI Addons: Ex Nihilo, FMLFileResourcePack:NEI Integration, FMLFileResourcePack:Nether Ores, FMLFileResourcePack:NoMoreRecipeConflict, FMLFileResourcePack:Not Enough Resources, FMLFileResourcePack:OpenBlocks, FMLFileResourcePack:OpenMods, FMLFileResourcePack:PiP, FMLFileResourcePack:ProjectRed Core, FMLFileResourcePack:ProjectRed Compatibility, FMLFileResourcePack:ProjectRed Fabrication, FMLFileResourcePack:ProjectRed Integration, FMLFileResourcePack:ProjectRed Transmission, FMLFileResourcePack:ProjectRed Illumination, FMLFileResourcePack:ProjectRed Expansion, FMLFileResourcePack:ProjectRed Transportation, FMLFileResourcePack:ProjectRed Exploration, FMLFileResourcePack:RadixCore, FMLFileResourcePack:Railcraft, FMLFileResourcePack:Roguelike Dungeons, FMLFileResourcePack:Statues, FMLFileResourcePack:Tinkers' Construct, FMLFileResourcePack:Thaumcraft, FMLFileResourcePack:Thaumcraft NEI Plugin, FMLFileResourcePack:Thaumic Exploration, FMLFileResourcePack:Thaumic Tinkerer, FMLFileResourcePack:Thermal Dynamics, FMLFileResourcePack:Thermal Expansion, FMLFileResourcePack:Thermal Foundation, FMLFileResourcePack:TiC Tooltips, FMLFileResourcePack:Tinkers' Mechworks, FMLFileResourcePack:The Twilight Forest, FMLFileResourcePack:Waila, FMLFileResourcePack:Waila Harvestability, FMLFileResourcePack:WAILA Plugins, FMLFileResourcePack:Warp Book, FMLFileResourcePack:bspkrsCore, FMLFileResourcePack:Baubles, FMLFileResourcePack:Forge Microblocks, FMLFileResourcePack:Forge Multipart, FMLFileResourcePack:Minecraft Multipart Plugin, FMLFileResourcePack:MCFrames, FMLFileResourcePack:ForgeRelocation, FMLFileResourcePack:RelocationFMP, FMLFileResourcePack:libsandstone, FMLFileResourcePack:MrTJPCore, LiteLoader, VoxelMenu, VoxelMap, VoxelLib, VoxelMenu Music, XU_Delegate_Pack, XU_Delegate_Pack, XU_Delegate_Pack
[14:57:37] [Client thread/WARN]: ResourcePack: ignored non-lowercase namespace: alchemicalwizardryBooks in C:\Users\Nahuel\AppData\Roaming\.minecraft\mods\BloodMagic-1.7.10-1.3.3-17.jar
[14:57:37] [Client thread/WARN]: ResourcePack: ignored non-lowercase namespace: alchemicalwizardryBooks in C:\Users\Nahuel\AppData\Roaming\.minecraft\mods\BloodMagic-1.7.10-1.3.3-17.jar
[14:57:37] [Client thread/WARN]: ResourcePack: ignored non-lowercase namespace: alchemicalwizardryBooks in C:\Users\Nahuel\AppData\Roaming\.minecraft\mods\BloodMagic-1.7.10-1.3.3-17.jar
[14:57:37] [Client thread/WARN]: ResourcePack: ignored non-lowercase namespace: alchemicalwizardryBooks in C:\Users\Nahuel\AppData\Roaming\.minecraft\mods\BloodMagic-1.7.10-1.3.3-17.jar
[14:57:37] [Client thread/WARN]: ResourcePack: ignored non-lowercase namespace: alchemicalwizardryBooks in C:\Users\Nahuel\AppData\Roaming\.minecraft\mods\BloodMagic-1.7.10-1.3.3-17.jar
[14:57:37] [Client thread/WARN]: ResourcePack: ignored non-lowercase namespace: alchemicalwizardryBooks in C:\Users\Nahuel\AppData\Roaming\.minecraft\mods\BloodMagic-1.7.10-1.3.3-17.jar
[14:57:40] [Client thread/INFO]: Created: 2048x2048 textures/blocks-atlas
[14:57:41] [Client thread/INFO]: Created: 2048x2048 textures/items-atlas
[14:57:43] [Sound Library Loader/INFO]: Sound engine started
[14:57:48] [Client thread/WARN]: Unable to play empty soundEvent: minecraft:music.menu
[14:57:57] [Client thread/INFO]: Connecting to 25.20.117.243, 25565
[14:58:19] [Client thread/WARN]: Unable to play empty soundEvent: minecraft:music.menu
[14:58:23] [Server Connector #1/ERROR]: Couldn't connect to server
java.net.ConnectException: Connection timed out: no further information: 25.20.117.243/25.20.117.243:25565
	at sun.nio.ch.SocketChannelImpl.checkConnect(Native Method) ~[?:1.8.0_211]
	at sun.nio.ch.SocketChannelImpl.finishConnect(Unknown Source) ~[?:1.8.0_211]
	at io.netty.channel.socket.nio.NioSocketChannel.doFinishConnect(NioSocketChannel.java:191) ~[NioSocketChannel.class:?]
	at io.netty.channel.nio.AbstractNioChannel$AbstractNioUnsafe.finishConnect(AbstractNioChannel.java:228) ~[AbstractNioChannel$AbstractNioUnsafe.class:?]
	at io.netty.channel.nio.NioEventLoop.processSelectedKey(NioEventLoop.java:497) ~[NioEventLoop.class:?]
	at io.netty.channel.nio.NioEventLoop.processSelectedKeysOptimized(NioEventLoop.java:447) ~[NioEventLoop.class:?]
	at io.netty.channel.nio.NioEventLoop.run(NioEventLoop.java:341) ~[NioEventLoop.class:?]
	at io.netty.util.concurrent.SingleThreadEventExecutor$2.run(SingleThreadEventExecutor.java:101) ~[SingleThreadEventExecutor$2.class:?]
	at java.lang.Thread.run(Unknown Source) ~[?:1.8.0_211]
[14:58:38] [Client thread/WARN]: Unable to play empty soundEvent: minecraft:music.menu
[14:59:03] [Client thread/WARN]: Unable to play empty soundEvent: minecraft:music.menu
[14:59:09] [Client thread/WARN]: Unable to play empty soundEvent: minecraft:music.menu
[14:59:37] [Client thread/WARN]: Unable to play empty soundEvent: minecraft:music.menu
[14:59:46] [Client thread/WARN]: Unable to play empty soundEvent: minecraft:music.menu
[14:59:58] [Client thread/WARN]: Unable to play empty soundEvent: minecraft:music.menu
[15:00:17] [Client thread/WARN]: Unable to play empty soundEvent: minecraft:music.menu
[15:00:26] [Client thread/WARN]: Unable to play empty soundEvent: minecraft:music.menu
[15:00:40] [Client thread/INFO]: Connecting to 25.20.117.243, 25565
[15:00:44] [Client thread/WARN]: Unable to play empty soundEvent: minecraft:music.menu
[15:01:06] [Client thread/INFO]: [CHAT] codechickencore.update
[15:01:10] [Client thread/INFO]: [CHAT] InvTweaks: Configuration loaded.
[15:01:48] [Client thread/INFO]: [CHAT] Saige the Archer: Why, hello there!
[15:04:24] [Client thread/WARN]: Unable to play unknown soundEvent: minecraft:mob.witch.idle
[15:04:29] [Client thread/WARN]: Unable to play unknown soundEvent: minecraft:mob.witch.idle
[15:04:37] [Client thread/INFO]: [CHAT] §fJoacoTabor§6 is now sleeping. 1/2 (50%)
[15:04:37] [Client thread/INFO]: [CHAT] §6Wakey, wakey, rise and shine... Good Morning everyone!
[15:08:14] [Client thread/INFO]: [CHAT] [JoacoTabor: Teleported JoacoTabor to nahueMC]
[15:15:59] [Client thread/INFO]: [CHAT] JoacoTabor has just earned the achievement [Stash It]
[15:18:52] [Client thread/WARN]: Unable to play unknown soundEvent: minecraft:mob.witch.idle
[15:18:53] [Client thread/WARN]: Unable to play unknown soundEvent: minecraft:mob.witch.hurt
[15:18:55] [Client thread/WARN]: Unable to play unknown soundEvent: minecraft:mob.witch.hurt
[15:18:56] [Client thread/WARN]: Unable to play unknown soundEvent: minecraft:mob.witch.hurt
[15:18:56] [Client thread/WARN]: Unable to play unknown soundEvent: minecraft:mob.witch.idle
[15:18:57] [Client thread/WARN]: Unable to play unknown soundEvent: minecraft:mob.witch.hurt
[15:18:58] [Client thread/WARN]: Unable to play unknown soundEvent: minecraft:mob.witch.hurt
[15:19:06] [Client thread/WARN]: Unable to play unknown soundEvent: minecraft:mob.witch.hurt
[15:19:07] [Client thread/WARN]: Unable to play unknown soundEvent: minecraft:mob.witch.hurt
[15:19:07] [Client thread/WARN]: Unable to play unknown soundEvent: minecraft:mob.witch.idle
[15:19:08] [Client thread/WARN]: Unable to play unknown soundEvent: minecraft:mob.witch.hurt
[15:19:10] [Client thread/WARN]: Unable to play unknown soundEvent: minecraft:mob.witch.hurt
[15:19:10] [Client thread/WARN]: Unable to play unknown soundEvent: minecraft:mob.witch.hurt
[15:19:11] [Client thread/WARN]: Unable to play unknown soundEvent: minecraft:mob.witch.hurt
[15:19:12] [Client thread/WARN]: Unable to play unknown soundEvent: minecraft:mob.witch.hurt
[15:19:12] [Client thread/WARN]: Unable to play unknown soundEvent: minecraft:mob.witch.idle
[15:19:13] [Client thread/WARN]: Unable to play unknown soundEvent: minecraft:mob.witch.hurt
[15:19:14] [Client thread/WARN]: Unable to play unknown soundEvent: minecraft:mob.witch.death
[15:23:18] [Client thread/INFO]: [CHAT] Saige the Archer: How are you today?
[15:28:12] [Client thread/INFO]: [CHAT] nahueMC has just earned the achievement [Time to Mine!]
[15:28:12] [Client thread/INFO]: [CHAT] nahueMC has just earned the achievement [Getting an Upgrade]
[15:28:30] [Client thread/INFO]: [CHAT] nahueMC has just earned the achievement [Time to Strike!]
[15:30:25] [Client thread/INFO]: [CHAT] [JoacoTabor: Set own game mode to Survival Mode]
[15:30:30] [Client thread/INFO]: [CHAT] [JoacoTabor: Set own game mode to Creative Mode]
[15:31:04] [Client thread/INFO]: [CHAT] [JoacoTabor: Set own game mode to Creative Mode]
[15:31:22] [Client thread/INFO]: [CHAT] [JoacoTabor: Set the time to 1000]
[15:32:00] [Client thread/INFO]: [CHAT] [JoacoTabor: Changing to clear weather]
[15:32:13] [Client thread/INFO]: [CHAT] [JoacoTabor: Set own game mode to Creative Mode]
[15:32:16] [Client thread/INFO]: [CHAT] [JoacoTabor: Set own game mode to Survival Mode]
[15:37:06] [Client thread/INFO]: [CHAT] Saige the Archer: How are you today?
[15:40:05] [Client thread/INFO]: [CHAT] Saige the Archer: Why, hello there!
[15:42:24] [Client thread/INFO]: [CHAT] Teleported nahueMC to 2193.5,98.5,879.5
[15:42:24] [Client thread/INFO]: [CHAT] Unknown command. Try /help for a list of commands
[15:43:05] [Client thread/INFO]: [CHAT] Teleported nahueMC to 2193.5,98.5,879.5
[15:43:05] [Client thread/INFO]: [CHAT] Unknown command. Try /help for a list of commands
[15:43:14] [Client thread/INFO]: [CHAT] §fnahueMC§6 is now sleeping. 1/2 (50%)
[15:43:14] [Client thread/INFO]: [CHAT] §6Wakey, wakey, rise and shine... Good Morning everyone!
[15:44:44] [Client thread/INFO]: [CHAT] Teleported nahueMC to 2193.5,98.5,879.5
[15:44:44] [Client thread/INFO]: [CHAT] Unknown command. Try /help for a list of commands
[15:45:36] [Client thread/INFO]: [CHAT] Saige the Archer: Hey! How are you today?
[15:51:36] [Client thread/INFO]: [CHAT] Saige the Archer: Hey! How are you today?
[15:54:52] [Client thread/INFO]: [CHAT] Saige the Archer: Why, hello there!
[15:55:21] [Client thread/INFO]: [CHAT] JoacoTabor was pummeled by Isaac's Head
[15:56:02] [Client thread/INFO]: [CHAT] [JoacoTabor: Teleported JoacoTabor to nahueMC]
[15:56:33] [Client thread/INFO]: [CHAT] §fJoacoTabor§6 is now sleeping. 1/2 (50%)
[15:56:33] [Client thread/INFO]: [CHAT] §6Wakey, wakey, rise and shine... Good Morning everyone!
[15:57:04] [Client thread/INFO]: [CHAT] [JoacoTabor: Teleported JoacoTabor to nahueMC]
[16:00:04] [Client thread/INFO]: [CHAT] Saige the Archer: Why, hello there!
[16:00:26] [Client thread/INFO]: [CHAT] You can only sleep at night
[16:02:23] [Client thread/INFO]: [CHAT] Saige the Archer: How are you today?
[16:04:44] [Client thread/INFO]: [CHAT] xX_MATI_Xx joined the game
[16:09:11] [Client thread/INFO]: [CHAT] xX_MATI_Xx has just earned the achievement [Bake Bread]
[16:14:51] [Client thread/INFO]: [CHAT] §fxX_MATI_Xx§6 is now sleeping. 1/3 (33%)
[16:15:00] [Client thread/INFO]: [CHAT] §fnahueMC§6 is now sleeping. 2/3 (66%)
[16:15:00] [Client thread/INFO]: [CHAT] §6Wakey, wakey, rise and shine... Good Morning everyone!
[16:16:03] [Client thread/INFO]: [CHAT] nahueMC has just earned the achievement [Hot Topic]
[16:19:52] [Client thread/INFO]: [CHAT] Saige the Archer: Hey! How are you today?
[16:24:38] [Client thread/INFO]: [CHAT] Saige the Archer: How are you today?
[16:26:00] [Client thread/INFO]: [CHAT] [JoacoTabor: Set the time to 1000]
[16:26:39] [Client thread/INFO]: [CHAT] Saige the Archer: How are you today?
[16:29:20] [Client thread/INFO]: [CHAT] Saige the Archer: Why, hello there!
[16:30:01] [Client thread/INFO]: [CHAT] [JoacoTabor: Teleported JoacoTabor to 2059.5,77.5,1019.5]
[16:30:22] [Client thread/INFO]: [CHAT] [JoacoTabor: Teleported JoacoTabor to 2192.5,113.5,875.5]
[16:31:09] [Client thread/INFO]: [CHAT] JoacoTabor has just earned the achievement [Shimmering Scale]
[16:38:03] [Client thread/INFO]: [CHAT] Saige the Archer: What's going on with you today?
[16:38:11] [Client thread/INFO]: [CHAT] Unknown command. Try /help for a list of commands
[16:38:21] [Client thread/INFO]: [CHAT] Unknown command. Try /help for a list of commands
[16:38:24] [Client thread/INFO]: [CHAT] Chacu5fgambac joined the game
[16:38:37] [Client thread/INFO]: [CHAT] nahueMC has just earned the achievement [Monster Hunter]
[16:40:11] [Client thread/INFO]: [CHAT] §fxX_MATI_Xx§6 is now sleeping. 1/4 (25%)
[16:40:47] [Client thread/INFO]: [CHAT] §fxX_MATI_Xx§6 has left their bed. 0/4 (0%)
[16:40:59] [Client thread/INFO]: [CHAT] [Chacu5fgambac: Teleported Chacu5fgambac to 2171.5,114.5,893.5]
[16:41:30] [Client thread/INFO]: [CHAT] Saige the Archer: What's going on with you today?
[16:42:03] [Client thread/INFO]: [CHAT] §fxX_MATI_Xx§6 is now sleeping. 1/4 (25%)
[16:42:10] [Client thread/INFO]: [CHAT] §fxX_MATI_Xx§6 has left their bed. 0/4 (0%)
[16:42:37] [Client thread/INFO]: [CHAT] §fxX_MATI_Xx§6 is now sleeping. 1/4 (25%)
[16:42:40] [Client thread/INFO]: [CHAT] [JoacoTabor: Set the time to 1000]
[16:44:03] [Client thread/INFO]: [CHAT] Saige the Archer: Hey! How are you today?
[16:44:17] [Client thread/INFO]: [CHAT] [Chacu5fgambac: Teleported Chacu5fgambac to 2155.5,88.5,936.5]
[16:45:40] [Client thread/INFO]: [CHAT] [Chacu5fgambac: Teleported Chacu5fgambac to 2193.5,96.5,905.5]
[16:48:28] [Client thread/INFO]: [CHAT] Chacu5fgambac left the game
[16:48:39] [Client thread/INFO]: [CHAT] Chacu5fgambac joined the game
[16:49:54] [Client thread/INFO]: [CHAT] [JoacoTabor: Teleported JoacoTabor to Chacu5fgambac]
[16:51:45] [Client thread/INFO]: [CHAT] [Chacu5fgambac: Teleported Chacu5fgambac to 1782.5,71.5,525.5]
[16:53:22] [Client thread/INFO]: [CHAT] Saige the Archer: Hey! How are you today?
[16:54:48] [Client thread/INFO]: [CHAT] §fxX_MATI_Xx§6 is now sleeping. 1/4 (25%)
[16:55:19] [Client thread/INFO]: [CHAT] §fxX_MATI_Xx§6 has left their bed. 0/4 (0%)
[16:55:25] [Client thread/INFO]: [CHAT] §fxX_MATI_Xx§6 is now sleeping. 1/4 (25%)
[16:55:43] [Client thread/INFO]: [CHAT] §fxX_MATI_Xx§6 has left their bed. 0/4 (0%)
[16:56:33] [Client thread/INFO]: [CHAT] [xX_MATI_Xx: Set the time to 1000]
[16:58:16] [Client thread/INFO]: [CHAT] [Chacu5fgambac: Teleported Chacu5fgambac to 2200.5,98.5,882.5]
[16:59:30] [Client thread/INFO]: [CHAT] Chacu5fgambac left the game
[17:01:31] [Client thread/INFO]: [CHAT] Chacu5fgambac joined the game
[17:01:56] [Client thread/INFO]: [CHAT] Saige the Archer: What's going on with you today?
[17:08:09] [Client thread/INFO]: [CHAT] [JoacoTabor: Teleported JoacoTabor to Chacu5fgambac]
[17:08:12] [Client thread/INFO]: [CHAT] [JoacoTabor: Teleported JoacoTabor to Chacu5fgambac]
[17:08:14] [Client thread/INFO]: [CHAT] §fChacu5fgambac§6 is now sleeping. 1/4 (25%)
[17:08:20] [Client thread/INFO]: [CHAT] §fJoacoTabor§6 is now sleeping. 2/4 (50%)
[17:08:20] [Client thread/INFO]: [CHAT] §6Wakey, wakey, rise and shine... Good Morning everyone!
[17:08:45] [Client thread/INFO]: [CHAT] [Chacu5fgambac: Teleported Chacu5fgambac to 2193.5,96.5,905.5]
[17:14:54] [Client thread/INFO]: [CHAT] Saige the Archer: Hey! How are you today?
[17:15:41] [Client thread/INFO]: [CHAT] nahueMC, JoacoTabor, xX_MATI_Xx, Chacu5fgambac
[17:15:41] [Client thread/INFO]: [CHAT] nahueMC, JoacoTabor, xX_MATI_Xx, Chacu5fgambac
[17:15:41] [Client thread/INFO]: [CHAT] nahueMC, JoacoTabor, xX_MATI_Xx, Chacu5fgambac
[17:15:42] [Client thread/INFO]: [CHAT] Teleported nahueMC to xX_MATI_Xx
[17:16:22] [Client thread/INFO]: [CHAT] [Chacu5fgambac: Teleported Chacu5fgambac to 2168.5,98.5,886.5]
[17:16:33] [Client thread/INFO]: [CHAT] [Chacu5fgambac: Teleported Chacu5fgambac to 2193.5,96.5,905.5]
[17:16:51] [Client thread/INFO]: [CHAT] Teleported nahueMC to Chacu5fgambac
[17:19:03] [Client thread/INFO]: [CHAT] nahueMC, JoacoTabor, xX_MATI_Xx, Chacu5fgambac
[17:19:03] [Client thread/INFO]: [CHAT] Teleported nahueMC to nahueMC
[17:19:09] [Client thread/INFO]: [CHAT] nahueMC, JoacoTabor, xX_MATI_Xx, Chacu5fgambac
[17:19:09] [Client thread/INFO]: [CHAT] nahueMC, JoacoTabor, xX_MATI_Xx, Chacu5fgambac
[17:19:10] [Client thread/INFO]: [CHAT] nahueMC, JoacoTabor, xX_MATI_Xx, Chacu5fgambac
[17:19:15] [Client thread/INFO]: [CHAT] nahueMC, JoacoTabor, xX_MATI_Xx, Chacu5fgambac
[17:19:15] [Client thread/INFO]: [CHAT] nahueMC, JoacoTabor, xX_MATI_Xx, Chacu5fgambac
[17:19:16] [Client thread/INFO]: [CHAT] nahueMC, JoacoTabor, xX_MATI_Xx, Chacu5fgambac
[17:19:17] [Client thread/INFO]: [CHAT] Teleported nahueMC to xX_MATI_Xx
[17:19:19] [Client thread/WARN]: Unable to play unknown soundEvent: mocreatures:entgrunt
[17:19:24] [Client thread/INFO]: [CHAT] nahueMC, JoacoTabor, xX_MATI_Xx, Chacu5fgambac
[17:19:24] [Client thread/INFO]: [CHAT] nahueMC, JoacoTabor, xX_MATI_Xx, Chacu5fgambac
[17:19:25] [Client thread/INFO]: [CHAT] nahueMC, JoacoTabor, xX_MATI_Xx, Chacu5fgambac
[17:19:25] [Client thread/INFO]: [CHAT] nahueMC, JoacoTabor, xX_MATI_Xx, Chacu5fgambac
[17:19:26] [Client thread/INFO]: [CHAT] Teleported nahueMC to Chacu5fgambac
[17:19:38] [Client thread/INFO]: [CHAT] Chacu5fgambac has just earned the achievement [Prepared to Fight]
[17:19:48] [Client thread/INFO]: Stopping!
